The system is: Linux - 3.12.5-302.fc20.i686 - i686
Compiling the C compiler identification source file "CMakeCCompilerId.c" succeeded.
Compiler: /bin/cc 
Build flags: 
Id flags: 

The output was:
0


Compilation of the C compiler identification source "CMakeCCompilerId.c" produced "a.out"

The C compiler identification is GNU, found in "/home/jonas/apps/cloudHunter/nephos/src/CMakeFiles/2.8.12.1/CompilerIdC/a.out"

Compiling the CXX compiler identification source file "CMakeCXXCompilerId.cpp" succeeded.
Compiler: /bin/c++ 
Build flags: 
Id flags: 

The output was:
0


Compilation of the CXX compiler identification source "CMakeCXXCompilerId.cpp" produced "a.out"

The CXX compiler identification is GNU, found in "/home/jonas/apps/cloudHunter/nephos/src/CMakeFiles/2.8.12.1/CompilerIdCXX/a.out"

Determining if the C compiler works passed with the following output:
Change Dir: /home/jonas/apps/cloudHunter/nephos/src/CMakeFiles/CMakeTmp

Run Build Command:/bin/gmake "cmTryCompileExec2583403797/fast"
/bin/gmake -f CMakeFiles/cmTryCompileExec2583403797.dir/build.make CMakeFiles/cmTryCompileExec2583403797.dir/build
gmake[1]: Entering directory `/home/jonas/apps/cloudHunter/nephos/src/CMakeFiles/CMakeTmp'
/usr/bin/cmake -E cmake_progress_report /home/jonas/apps/cloudHunter/nephos/src/CMakeFiles/CMakeTmp/CMakeFiles 1
Building C object CMakeFiles/cmTryCompileExec2583403797.dir/testCCompiler.c.o
/bin/cc    -o CMakeFiles/cmTryCompileExec2583403797.dir/testCCompiler.c.o   -c /home/jonas/apps/cloudHunter/nephos/src/CMakeFiles/CMakeTmp/testCCompiler.c
Linking C executable cmTryCompileExec2583403797
/usr/bin/cmake -E cmake_link_script CMakeFiles/cmTryCompileExec2583403797.dir/link.txt --verbose=1
/bin/cc       CMakeFiles/cmTryCompileExec2583403797.dir/testCCompiler.c.o  -o cmTryCompileExec2583403797 -rdynamic 
gmake[1]: Leaving directory `/home/jonas/apps/cloudHunter/nephos/src/CMakeFiles/CMakeTmp'


Detecting C compiler ABI info compiled with the following output:
Change Dir: /home/jonas/apps/cloudHunter/nephos/src/CMakeFiles/CMakeTmp

Run Build Command:/bin/gmake "cmTryCompileExec58050090/fast"
/bin/gmake -f CMakeFiles/cmTryCompileExec58050090.dir/build.make CMakeFiles/cmTryCompileExec58050090.dir/build
gmake[1]: Entering directory `/home/jonas/apps/cloudHunter/nephos/src/CMakeFiles/CMakeTmp'
/usr/bin/cmake -E cmake_progress_report /home/jonas/apps/cloudHunter/nephos/src/CMakeFiles/CMakeTmp/CMakeFiles 1
Building C object CMakeFiles/cmTryCompileExec58050090.dir/CMakeCCompilerABI.c.o
/bin/cc    -o CMakeFiles/cmTryCompileExec58050090.dir/CMakeCCompilerABI.c.o   -c /usr/share/cmake/Modules/CMakeCCompilerABI.c
Linking C executable cmTryCompileExec58050090
/usr/bin/cmake -E cmake_link_script CMakeFiles/cmTryCompileExec58050090.dir/link.txt --verbose=1
/bin/cc     -v CMakeFiles/cmTryCompileExec58050090.dir/CMakeCCompilerABI.c.o  -o cmTryCompileExec58050090 -rdynamic  
Using built-in specs.
COLLECT_GCC=/bin/cc
COLLECT_LTO_WRAPPER=/usr/libexec/gcc/i686-redhat-linux/4.8.2/lto-wrapper
Target: i686-redhat-linux
Configured with: ../configure --prefix=/usr --mandir=/usr/share/man --infodir=/usr/share/info --with-bugurl=http://bugzilla.redhat.com/bugzilla --enable-bootstrap --enable-shared --enable-threads=posix --enable-checking=release --with-system-zlib --enable-__cxa_atexit --disable-libunwind-exceptions --enable-gnu-unique-object --enable-linker-build-id --with-linker-hash-style=gnu --enable-languages=c,c++,objc,obj-c++,java,fortran,ada,go,lto --enable-plugin --enable-initfini-array --enable-java-awt=gtk --disable-dssi --with-java-home=/usr/lib/jvm/java-1.5.0-gcj-1.5.0.0/jre --enable-libgcj-multifile --enable-java-maintainer-mode --with-ecj-jar=/usr/share/java/eclipse-ecj.jar --disable-libjava-multilib --with-isl=/builddir/build/BUILD/gcc-4.8.2-20131212/obj-i686-redhat-linux/isl-install --with-cloog=/builddir/build/BUILD/gcc-4.8.2-20131212/obj-i686-redhat-linux/cloog-install --with-tune=generic --with-arch=i686 --build=i686-redhat-linux
Thread model: posix
gcc version 4.8.2 20131212 (Red Hat 4.8.2-7) (GCC) 
COMPILER_PATH=/usr/libexec/gcc/i686-redhat-linux/4.8.2/:/usr/libexec/gcc/i686-redhat-linux/4.8.2/:/usr/libexec/gcc/i686-redhat-linux/:/usr/lib/gcc/i686-redhat-linux/4.8.2/:/usr/lib/gcc/i686-redhat-linux/
LIBRARY_PATH=/usr/lib/gcc/i686-redhat-linux/4.8.2/:/usr/lib/gcc/i686-redhat-linux/4.8.2/../../../:/lib/:/usr/lib/
COLLECT_GCC_OPTIONS='-v' '-o' 'cmTryCompileExec58050090' '-rdynamic' '-mtune=generic' '-march=i686'
 /usr/libexec/gcc/i686-redhat-linux/4.8.2/collect2 --build-id --no-add-needed --eh-frame-hdr --hash-style=gnu -m elf_i386 -export-dynamic -dynamic-linker /lib/ld-linux.so.2 -o cmTryCompileExec58050090 /usr/lib/gcc/i686-redhat-linux/4.8.2/../../../crt1.o /usr/lib/gcc/i686-redhat-linux/4.8.2/../../../crti.o /usr/lib/gcc/i686-redhat-linux/4.8.2/crtbegin.o -L/usr/lib/gcc/i686-redhat-linux/4.8.2 -L/usr/lib/gcc/i686-redhat-linux/4.8.2/../../.. CMakeFiles/cmTryCompileExec58050090.dir/CMakeCCompilerABI.c.o -lgcc --as-needed -lgcc_s --no-as-needed -lc -lgcc --as-needed -lgcc_s --no-as-needed /usr/lib/gcc/i686-redhat-linux/4.8.2/crtend.o /usr/lib/gcc/i686-redhat-linux/4.8.2/../../../crtn.o
gmake[1]: Leaving directory `/home/jonas/apps/cloudHunter/nephos/src/CMakeFiles/CMakeTmp'


Parsed C implicit link information from above output:
  link line regex: [^( *|.*[/\])(ld|([^/\]+-)?ld|collect2)[^/\]*( |$)]
  ignore line: [Change Dir: /home/jonas/apps/cloudHunter/nephos/src/CMakeFiles/CMakeTmp]
  ignore line: []
  ignore line: [Run Build Command:/bin/gmake "cmTryCompileExec58050090/fast"]
  ignore line: [/bin/gmake -f CMakeFiles/cmTryCompileExec58050090.dir/build.make CMakeFiles/cmTryCompileExec58050090.dir/build]
  ignore line: [gmake[1]: Entering directory `/home/jonas/apps/cloudHunter/nephos/src/CMakeFiles/CMakeTmp']
  ignore line: [/usr/bin/cmake -E cmake_progress_report /home/jonas/apps/cloudHunter/nephos/src/CMakeFiles/CMakeTmp/CMakeFiles 1]
  ignore line: [Building C object CMakeFiles/cmTryCompileExec58050090.dir/CMakeCCompilerABI.c.o]
  ignore line: [/bin/cc    -o CMakeFiles/cmTryCompileExec58050090.dir/CMakeCCompilerABI.c.o   -c /usr/share/cmake/Modules/CMakeCCompilerABI.c]
  ignore line: [Linking C executable cmTryCompileExec58050090]
  ignore line: [/usr/bin/cmake -E cmake_link_script CMakeFiles/cmTryCompileExec58050090.dir/link.txt --verbose=1]
  ignore line: [/bin/cc     -v CMakeFiles/cmTryCompileExec58050090.dir/CMakeCCompilerABI.c.o  -o cmTryCompileExec58050090 -rdynamic  ]
  ignore line: [Using built-in specs.]
  ignore line: [COLLECT_GCC=/bin/cc]
  ignore line: [COLLECT_LTO_WRAPPER=/usr/libexec/gcc/i686-redhat-linux/4.8.2/lto-wrapper]
  ignore line: [Target: i686-redhat-linux]
  ignore line: [Configured with: ../configure --prefix=/usr --mandir=/usr/share/man --infodir=/usr/share/info --with-bugurl=http://bugzilla.redhat.com/bugzilla --enable-bootstrap --enable-shared --enable-threads=posix --enable-checking=release --with-system-zlib --enable-__cxa_atexit --disable-libunwind-exceptions --enable-gnu-unique-object --enable-linker-build-id --with-linker-hash-style=gnu --enable-languages=c,c++,objc,obj-c++,java,fortran,ada,go,lto --enable-plugin --enable-initfini-array --enable-java-awt=gtk --disable-dssi --with-java-home=/usr/lib/jvm/java-1.5.0-gcj-1.5.0.0/jre --enable-libgcj-multifile --enable-java-maintainer-mode --with-ecj-jar=/usr/share/java/eclipse-ecj.jar --disable-libjava-multilib --with-isl=/builddir/build/BUILD/gcc-4.8.2-20131212/obj-i686-redhat-linux/isl-install --with-cloog=/builddir/build/BUILD/gcc-4.8.2-20131212/obj-i686-redhat-linux/cloog-install --with-tune=generic --with-arch=i686 --build=i686-redhat-linux]
  ignore line: [Thread model: posix]
  ignore line: [gcc version 4.8.2 20131212 (Red Hat 4.8.2-7) (GCC) ]
  ignore line: [COMPILER_PATH=/usr/libexec/gcc/i686-redhat-linux/4.8.2/:/usr/libexec/gcc/i686-redhat-linux/4.8.2/:/usr/libexec/gcc/i686-redhat-linux/:/usr/lib/gcc/i686-redhat-linux/4.8.2/:/usr/lib/gcc/i686-redhat-linux/]
  ignore line: [LIBRARY_PATH=/usr/lib/gcc/i686-redhat-linux/4.8.2/:/usr/lib/gcc/i686-redhat-linux/4.8.2/../../../:/lib/:/usr/lib/]
  ignore line: [COLLECT_GCC_OPTIONS='-v' '-o' 'cmTryCompileExec58050090' '-rdynamic' '-mtune=generic' '-march=i686']
  link line: [ /usr/libexec/gcc/i686-redhat-linux/4.8.2/collect2 --build-id --no-add-needed --eh-frame-hdr --hash-style=gnu -m elf_i386 -export-dynamic -dynamic-linker /lib/ld-linux.so.2 -o cmTryCompileExec58050090 /usr/lib/gcc/i686-redhat-linux/4.8.2/../../../crt1.o /usr/lib/gcc/i686-redhat-linux/4.8.2/../../../crti.o /usr/lib/gcc/i686-redhat-linux/4.8.2/crtbegin.o -L/usr/lib/gcc/i686-redhat-linux/4.8.2 -L/usr/lib/gcc/i686-redhat-linux/4.8.2/../../.. CMakeFiles/cmTryCompileExec58050090.dir/CMakeCCompilerABI.c.o -lgcc --as-needed -lgcc_s --no-as-needed -lc -lgcc --as-needed -lgcc_s --no-as-needed /usr/lib/gcc/i686-redhat-linux/4.8.2/crtend.o /usr/lib/gcc/i686-redhat-linux/4.8.2/../../../crtn.o]
    arg [/usr/libexec/gcc/i686-redhat-linux/4.8.2/collect2] ==> ignore
    arg [--build-id] ==> ignore
    arg [--no-add-needed] ==> ignore
    arg [--eh-frame-hdr] ==> ignore
    arg [--hash-style=gnu] ==> ignore
    arg [-m] ==> ignore
    arg [elf_i386] ==> ignore
    arg [-export-dynamic] ==> ignore
    arg [-dynamic-linker] ==> ignore
    arg [/lib/ld-linux.so.2] ==> ignore
    arg [-o] ==> ignore
    arg [cmTryCompileExec58050090] ==> ignore
    arg [/usr/lib/gcc/i686-redhat-linux/4.8.2/../../../crt1.o] ==> ignore
    arg [/usr/lib/gcc/i686-redhat-linux/4.8.2/../../../crti.o] ==> ignore
    arg [/usr/lib/gcc/i686-redhat-linux/4.8.2/crtbegin.o] ==> ignore
    arg [-L/usr/lib/gcc/i686-redhat-linux/4.8.2] ==> dir [/usr/lib/gcc/i686-redhat-linux/4.8.2]
    arg [-L/usr/lib/gcc/i686-redhat-linux/4.8.2/../../..] ==> dir [/usr/lib/gcc/i686-redhat-linux/4.8.2/../../..]
    arg [CMakeFiles/cmTryCompileExec58050090.dir/CMakeCCompilerABI.c.o] ==> ignore
    arg [-lgcc] ==> lib [gcc]
    arg [--as-needed] ==> ignore
    arg [-lgcc_s] ==> lib [gcc_s]
    arg [--no-as-needed] ==> ignore
    arg [-lc] ==> lib [c]
    arg [-lgcc] ==> lib [gcc]
    arg [--as-needed] ==> ignore
    arg [-lgcc_s] ==> lib [gcc_s]
    arg [--no-as-needed] ==> ignore
    arg [/usr/lib/gcc/i686-redhat-linux/4.8.2/crtend.o] ==> ignore
    arg [/usr/lib/gcc/i686-redhat-linux/4.8.2/../../../crtn.o] ==> ignore
  remove lib [gcc]
  remove lib [gcc_s]
  remove lib [gcc]
  remove lib [gcc_s]
  collapse library dir [/usr/lib/gcc/i686-redhat-linux/4.8.2] ==> [/usr/lib/gcc/i686-redhat-linux/4.8.2]
  collapse library dir [/usr/lib/gcc/i686-redhat-linux/4.8.2/../../..] ==> [/usr/lib]
  implicit libs: [c]
  implicit dirs: [/usr/lib/gcc/i686-redhat-linux/4.8.2;/usr/lib]
  implicit fwks: []


Determining if the CXX compiler works passed with the following output:
Change Dir: /home/jonas/apps/cloudHunter/nephos/src/CMakeFiles/CMakeTmp

Run Build Command:/bin/gmake "cmTryCompileExec652060714/fast"
/bin/gmake -f CMakeFiles/cmTryCompileExec652060714.dir/build.make CMakeFiles/cmTryCompileExec652060714.dir/build
gmake[1]: Entering directory `/home/jonas/apps/cloudHunter/nephos/src/CMakeFiles/CMakeTmp'
/usr/bin/cmake -E cmake_progress_report /home/jonas/apps/cloudHunter/nephos/src/CMakeFiles/CMakeTmp/CMakeFiles 1
Building CXX object CMakeFiles/cmTryCompileExec652060714.dir/testCXXCompiler.cxx.o
/bin/c++     -o CMakeFiles/cmTryCompileExec652060714.dir/testCXXCompiler.cxx.o -c /home/jonas/apps/cloudHunter/nephos/src/CMakeFiles/CMakeTmp/testCXXCompiler.cxx
Linking CXX executable cmTryCompileExec652060714
/usr/bin/cmake -E cmake_link_script CMakeFiles/cmTryCompileExec652060714.dir/link.txt --verbose=1
/bin/c++        CMakeFiles/cmTryCompileExec652060714.dir/testCXXCompiler.cxx.o  -o cmTryCompileExec652060714 -rdynamic 
gmake[1]: Leaving directory `/home/jonas/apps/cloudHunter/nephos/src/CMakeFiles/CMakeTmp'


Detecting CXX compiler ABI info compiled with the following output:
Change Dir: /home/jonas/apps/cloudHunter/nephos/src/CMakeFiles/CMakeTmp

Run Build Command:/bin/gmake "cmTryCompileExec778298146/fast"
/bin/gmake -f CMakeFiles/cmTryCompileExec778298146.dir/build.make CMakeFiles/cmTryCompileExec778298146.dir/build
gmake[1]: Entering directory `/home/jonas/apps/cloudHunter/nephos/src/CMakeFiles/CMakeTmp'
/usr/bin/cmake -E cmake_progress_report /home/jonas/apps/cloudHunter/nephos/src/CMakeFiles/CMakeTmp/CMakeFiles 1
Building CXX object CMakeFiles/cmTryCompileExec778298146.dir/CMakeCXXCompilerABI.cpp.o
/bin/c++     -o CMakeFiles/cmTryCompileExec778298146.dir/CMakeCXXCompilerABI.cpp.o -c /usr/share/cmake/Modules/CMakeCXXCompilerABI.cpp
Linking CXX executable cmTryCompileExec778298146
/usr/bin/cmake -E cmake_link_script CMakeFiles/cmTryCompileExec778298146.dir/link.txt --verbose=1
/bin/c++      -v CMakeFiles/cmTryCompileExec778298146.dir/CMakeCXXCompilerABI.cpp.o  -o cmTryCompileExec778298146 -rdynamic  
Using built-in specs.
COLLECT_GCC=/bin/c++
COLLECT_LTO_WRAPPER=/usr/libexec/gcc/i686-redhat-linux/4.8.2/lto-wrapper
Target: i686-redhat-linux
Configured with: ../configure --prefix=/usr --mandir=/usr/share/man --infodir=/usr/share/info --with-bugurl=http://bugzilla.redhat.com/bugzilla --enable-bootstrap --enable-shared --enable-threads=posix --enable-checking=release --with-system-zlib --enable-__cxa_atexit --disable-libunwind-exceptions --enable-gnu-unique-object --enable-linker-build-id --with-linker-hash-style=gnu --enable-languages=c,c++,objc,obj-c++,java,fortran,ada,go,lto --enable-plugin --enable-initfini-array --enable-java-awt=gtk --disable-dssi --with-java-home=/usr/lib/jvm/java-1.5.0-gcj-1.5.0.0/jre --enable-libgcj-multifile --enable-java-maintainer-mode --with-ecj-jar=/usr/share/java/eclipse-ecj.jar --disable-libjava-multilib --with-isl=/builddir/build/BUILD/gcc-4.8.2-20131212/obj-i686-redhat-linux/isl-install --with-cloog=/builddir/build/BUILD/gcc-4.8.2-20131212/obj-i686-redhat-linux/cloog-install --with-tune=generic --with-arch=i686 --build=i686-redhat-linux
Thread model: posix
gcc version 4.8.2 20131212 (Red Hat 4.8.2-7) (GCC) 
COMPILER_PATH=/usr/libexec/gcc/i686-redhat-linux/4.8.2/:/usr/libexec/gcc/i686-redhat-linux/4.8.2/:/usr/libexec/gcc/i686-redhat-linux/:/usr/lib/gcc/i686-redhat-linux/4.8.2/:/usr/lib/gcc/i686-redhat-linux/
LIBRARY_PATH=/usr/lib/gcc/i686-redhat-linux/4.8.2/:/usr/lib/gcc/i686-redhat-linux/4.8.2/../../../:/lib/:/usr/lib/
COLLECT_GCC_OPTIONS='-v' '-o' 'cmTryCompileExec778298146' '-rdynamic' '-shared-libgcc' '-mtune=generic' '-march=i686'
 /usr/libexec/gcc/i686-redhat-linux/4.8.2/collect2 --build-id --no-add-needed --eh-frame-hdr --hash-style=gnu -m elf_i386 -export-dynamic -dynamic-linker /lib/ld-linux.so.2 -o cmTryCompileExec778298146 /usr/lib/gcc/i686-redhat-linux/4.8.2/../../../crt1.o /usr/lib/gcc/i686-redhat-linux/4.8.2/../../../crti.o /usr/lib/gcc/i686-redhat-linux/4.8.2/crtbegin.o -L/usr/lib/gcc/i686-redhat-linux/4.8.2 -L/usr/lib/gcc/i686-redhat-linux/4.8.2/../../.. CMakeFiles/cmTryCompileExec778298146.dir/CMakeCXXCompilerABI.cpp.o -lstdc++ -lm -lgcc_s -lgcc -lc -lgcc_s -lgcc /usr/lib/gcc/i686-redhat-linux/4.8.2/crtend.o /usr/lib/gcc/i686-redhat-linux/4.8.2/../../../crtn.o
gmake[1]: Leaving directory `/home/jonas/apps/cloudHunter/nephos/src/CMakeFiles/CMakeTmp'


Parsed CXX implicit link information from above output:
  link line regex: [^( *|.*[/\])(ld|([^/\]+-)?ld|collect2)[^/\]*( |$)]
  ignore line: [Change Dir: /home/jonas/apps/cloudHunter/nephos/src/CMakeFiles/CMakeTmp]
  ignore line: []
  ignore line: [Run Build Command:/bin/gmake "cmTryCompileExec778298146/fast"]
  ignore line: [/bin/gmake -f CMakeFiles/cmTryCompileExec778298146.dir/build.make CMakeFiles/cmTryCompileExec778298146.dir/build]
  ignore line: [gmake[1]: Entering directory `/home/jonas/apps/cloudHunter/nephos/src/CMakeFiles/CMakeTmp']
  ignore line: [/usr/bin/cmake -E cmake_progress_report /home/jonas/apps/cloudHunter/nephos/src/CMakeFiles/CMakeTmp/CMakeFiles 1]
  ignore line: [Building CXX object CMakeFiles/cmTryCompileExec778298146.dir/CMakeCXXCompilerABI.cpp.o]
  ignore line: [/bin/c++     -o CMakeFiles/cmTryCompileExec778298146.dir/CMakeCXXCompilerABI.cpp.o -c /usr/share/cmake/Modules/CMakeCXXCompilerABI.cpp]
  ignore line: [Linking CXX executable cmTryCompileExec778298146]
  ignore line: [/usr/bin/cmake -E cmake_link_script CMakeFiles/cmTryCompileExec778298146.dir/link.txt --verbose=1]
  ignore line: [/bin/c++      -v CMakeFiles/cmTryCompileExec778298146.dir/CMakeCXXCompilerABI.cpp.o  -o cmTryCompileExec778298146 -rdynamic  ]
  ignore line: [Using built-in specs.]
  ignore line: [COLLECT_GCC=/bin/c++]
  ignore line: [COLLECT_LTO_WRAPPER=/usr/libexec/gcc/i686-redhat-linux/4.8.2/lto-wrapper]
  ignore line: [Target: i686-redhat-linux]
  ignore line: [Configured with: ../configure --prefix=/usr --mandir=/usr/share/man --infodir=/usr/share/info --with-bugurl=http://bugzilla.redhat.com/bugzilla --enable-bootstrap --enable-shared --enable-threads=posix --enable-checking=release --with-system-zlib --enable-__cxa_atexit --disable-libunwind-exceptions --enable-gnu-unique-object --enable-linker-build-id --with-linker-hash-style=gnu --enable-languages=c,c++,objc,obj-c++,java,fortran,ada,go,lto --enable-plugin --enable-initfini-array --enable-java-awt=gtk --disable-dssi --with-java-home=/usr/lib/jvm/java-1.5.0-gcj-1.5.0.0/jre --enable-libgcj-multifile --enable-java-maintainer-mode --with-ecj-jar=/usr/share/java/eclipse-ecj.jar --disable-libjava-multilib --with-isl=/builddir/build/BUILD/gcc-4.8.2-20131212/obj-i686-redhat-linux/isl-install --with-cloog=/builddir/build/BUILD/gcc-4.8.2-20131212/obj-i686-redhat-linux/cloog-install --with-tune=generic --with-arch=i686 --build=i686-redhat-linux]
  ignore line: [Thread model: posix]
  ignore line: [gcc version 4.8.2 20131212 (Red Hat 4.8.2-7) (GCC) ]
  ignore line: [COMPILER_PATH=/usr/libexec/gcc/i686-redhat-linux/4.8.2/:/usr/libexec/gcc/i686-redhat-linux/4.8.2/:/usr/libexec/gcc/i686-redhat-linux/:/usr/lib/gcc/i686-redhat-linux/4.8.2/:/usr/lib/gcc/i686-redhat-linux/]
  ignore line: [LIBRARY_PATH=/usr/lib/gcc/i686-redhat-linux/4.8.2/:/usr/lib/gcc/i686-redhat-linux/4.8.2/../../../:/lib/:/usr/lib/]
  ignore line: [COLLECT_GCC_OPTIONS='-v' '-o' 'cmTryCompileExec778298146' '-rdynamic' '-shared-libgcc' '-mtune=generic' '-march=i686']
  link line: [ /usr/libexec/gcc/i686-redhat-linux/4.8.2/collect2 --build-id --no-add-needed --eh-frame-hdr --hash-style=gnu -m elf_i386 -export-dynamic -dynamic-linker /lib/ld-linux.so.2 -o cmTryCompileExec778298146 /usr/lib/gcc/i686-redhat-linux/4.8.2/../../../crt1.o /usr/lib/gcc/i686-redhat-linux/4.8.2/../../../crti.o /usr/lib/gcc/i686-redhat-linux/4.8.2/crtbegin.o -L/usr/lib/gcc/i686-redhat-linux/4.8.2 -L/usr/lib/gcc/i686-redhat-linux/4.8.2/../../.. CMakeFiles/cmTryCompileExec778298146.dir/CMakeCXXCompilerABI.cpp.o -lstdc++ -lm -lgcc_s -lgcc -lc -lgcc_s -lgcc /usr/lib/gcc/i686-redhat-linux/4.8.2/crtend.o /usr/lib/gcc/i686-redhat-linux/4.8.2/../../../crtn.o]
    arg [/usr/libexec/gcc/i686-redhat-linux/4.8.2/collect2] ==> ignore
    arg [--build-id] ==> ignore
    arg [--no-add-needed] ==> ignore
    arg [--eh-frame-hdr] ==> ignore
    arg [--hash-style=gnu] ==> ignore
    arg [-m] ==> ignore
    arg [elf_i386] ==> ignore
    arg [-export-dynamic] ==> ignore
    arg [-dynamic-linker] ==> ignore
    arg [/lib/ld-linux.so.2] ==> ignore
    arg [-o] ==> ignore
    arg [cmTryCompileExec778298146] ==> ignore
    arg [/usr/lib/gcc/i686-redhat-linux/4.8.2/../../../crt1.o] ==> ignore
    arg [/usr/lib/gcc/i686-redhat-linux/4.8.2/../../../crti.o] ==> ignore
    arg [/usr/lib/gcc/i686-redhat-linux/4.8.2/crtbegin.o] ==> ignore
    arg [-L/usr/lib/gcc/i686-redhat-linux/4.8.2] ==> dir [/usr/lib/gcc/i686-redhat-linux/4.8.2]
    arg [-L/usr/lib/gcc/i686-redhat-linux/4.8.2/../../..] ==> dir [/usr/lib/gcc/i686-redhat-linux/4.8.2/../../..]
    arg [CMakeFiles/cmTryCompileExec778298146.dir/CMakeCXXCompilerABI.cpp.o] ==> ignore
    arg [-lstdc++] ==> lib [stdc++]
    arg [-lm] ==> lib [m]
    arg [-lgcc_s] ==> lib [gcc_s]
    arg [-lgcc] ==> lib [gcc]
    arg [-lc] ==> lib [c]
    arg [-lgcc_s] ==> lib [gcc_s]
    arg [-lgcc] ==> lib [gcc]
    arg [/usr/lib/gcc/i686-redhat-linux/4.8.2/crtend.o] ==> ignore
    arg [/usr/lib/gcc/i686-redhat-linux/4.8.2/../../../crtn.o] ==> ignore
  remove lib [gcc_s]
  remove lib [gcc]
  remove lib [gcc_s]
  remove lib [gcc]
  collapse library dir [/usr/lib/gcc/i686-redhat-linux/4.8.2] ==> [/usr/lib/gcc/i686-redhat-linux/4.8.2]
  collapse library dir [/usr/lib/gcc/i686-redhat-linux/4.8.2/../../..] ==> [/usr/lib]
  implicit libs: [stdc++;m;c]
  implicit dirs: [/usr/lib/gcc/i686-redhat-linux/4.8.2;/usr/lib]
  implicit fwks: []


